<?xml version="1.0" encoding="UTF-8"?>
<testng-results ignored="0" total="1" passed="1" failed="0" skipped="0">
  <reporter-output>
  </reporter-output>
  <suite started-at="2021-03-07T00:43:35 IST" name="Default suite" finished-at="2021-03-07T00:43:42 IST" duration-ms="6685">
    <groups>
    </groups>
    <test started-at="2021-03-07T00:43:35 IST" name="Default test" finished-at="2021-03-07T00:43:42 IST" duration-ms="6685">
      <class name="Tests_POST">
        <test-method signature="test_2_put()[pri:0, instance:Tests_POST@157853da]" started-at="2021-03-07T00:43:35 IST" name="test_2_put" finished-at="2021-03-07T00:43:42 IST" duration-ms="6507" status="PASS">
          <reporter-output>
          </reporter-output>
        </test-method> <!-- test_2_put -->
      </class> <!-- Tests_POST -->
    </test> <!-- Default test -->
  </suite> <!-- Default suite -->
</testng-results>
